<?xml version="1.0" encoding="UTF-8"?>
<!-- Generated by org.testng.reporters.JUnitReportReporter -->
<testsuite skipped="0" hostname="DESKTOP-2GDR6HM" name="com.orangehrm.qa.testcases.LoginPageTest" tests="3" failures="0" timestamp="2022-09-09T16:50:01 IST" time="112.945" errors="0">
  <testcase name="loginPageTitleTest" time="24.218" classname="com.orangehrm.qa.testcases.LoginPageTest"/>
  <system-out/>
  <testcase name="orangeHrmLogoTest" time="50.341" classname="com.orangehrm.qa.testcases.LoginPageTest"/>
  <system-out/>
  <testcase name="loginTest" time="38.386" classname="com.orangehrm.qa.testcases.LoginPageTest"/>
  <system-out/>
</testsuite> <!-- com.orangehrm.qa.testcases.LoginPageTest -->
