<?xml version="1.0" encoding="UTF-8"?>
<!-- Generated by org.testng.reporters.JUnitReportReporter -->
<testsuite skipped="0" hostname="DESKTOP-2GDR6HM" name="com.orangehrm.qa.testcases.HomePageTest" tests="4" failures="0" timestamp="2022-09-09T16:50:01 IST" time="60.626" errors="0">
  <testcase name="clickOnRecruitmentTest" time="15.937" classname="com.orangehrm.qa.testcases.HomePageTest"/>
  <system-out/>
  <testcase name="correctUsernameTest" time="14.225" classname="com.orangehrm.qa.testcases.HomePageTest"/>
  <system-out/>
  <testcase name="homePageTitleTest" time="14.586" classname="com.orangehrm.qa.testcases.HomePageTest"/>
  <system-out/>
  <testcase name="logoutTest" time="15.878" classname="com.orangehrm.qa.testcases.HomePageTest"/>
  <system-out/>
</testsuite> <!-- com.orangehrm.qa.testcases.HomePageTest -->
