<?xml version="1.0" encoding="UTF-8"?>
<!-- Generated by org.testng.reporters.JUnitReportReporter -->
<testsuite skipped="0" hostname="DESKTOP-2GDR6HM" name="com.orangehrm.qa.testcases.RecruitmentPageTest" tests="7" failures="0" timestamp="2022-09-09T16:50:01 IST" time="189.952" errors="0">
  <testcase name="candidateSearchTest" time="17.242" classname="com.orangehrm.qa.testcases.RecruitmentPageTest"/>
  <system-out/>
  <testcase name="selectingCadidatesTest" time="37.596" classname="com.orangehrm.qa.testcases.RecruitmentPageTest"/>
  <system-out/>
  <testcase name="addCandidatesTest" time="36.303" classname="com.orangehrm.qa.testcases.RecruitmentPageTest"/>
  <system-out/>
  <testcase name="addCandidatesTest" time="19.054" classname="com.orangehrm.qa.testcases.RecruitmentPageTest"/>
  <system-out/>
  <testcase name="addCandidatesTest" time="20.217" classname="com.orangehrm.qa.testcases.RecruitmentPageTest"/>
  <system-out/>
  <testcase name="addCandidatesTest" time="25.130" classname="com.orangehrm.qa.testcases.RecruitmentPageTest"/>
  <system-out/>
  <testcase name="addCandidatesTest" time="34.410" classname="com.orangehrm.qa.testcases.RecruitmentPageTest"/>
  <system-out/>
</testsuite> <!-- com.orangehrm.qa.testcases.RecruitmentPageTest -->
